Started GET "/" for ::1 at 2020-02-13 14:24:12 -0800
  [1m[35m (1.1ms)[0m  [1m[34mSELECT sqlite_version(*)[0m
Processing by Rails::WelcomeController#index as HTML
  Rendering /Users/natalia/.rvm/gems/ruby-2.6.5/gems/railties-6.0.2.1/lib/rails/templates/rails/welcome/index.html.erb
  Rendered /Users/natalia/.rvm/gems/ruby-2.6.5/gems/railties-6.0.2.1/lib/rails/templates/rails/welcome/index.html.erb (Duration: 5.7ms | Allocations: 475)
Completed 200 OK in 17ms (Views: 10.5ms | ActiveRecord: 0.0ms | Allocations: 2809)


Started GET "/" for ::1 at 2020-02-18 13:58:39 -0800
  [1m[35m (1.7ms)[0m  [1m[34mSELECT sqlite_version(*)[0m
Processing by WelcomeController#index as HTML
  Rendering welcome/index.html.erb within layouts/application
  Rendered welcome/index.html.erb within layouts/application (Duration: 0.9ms | Allocations: 210)
[Webpacker] Compiling...
[Webpacker] Compiled all packs in /Users/natalia/Desktop/Junyear/CS121/121poker/poker/public/packs
[Webpacker] warning ../../package.json: No license field

[Webpacker] Hash: 32e57f147dbdcbbf0c82
Version: webpack 4.41.6
Time: 1679ms
Built at: 02/18/2020 1:58:43 PM
                                     Asset       Size       Chunks                         Chunk Names
    js/application-bbe9c4a129ab949e0636.js    124 KiB  application  [emitted] [immutable]  application
js/application-bbe9c4a129ab949e0636.js.map    139 KiB  application  [emitted] [dev]        application
                             manifest.json  364 bytes               [emitted]              
Entrypoint application = js/application-bbe9c4a129ab949e0636.js js/application-bbe9c4a129ab949e0636.js.map
[./app/javascript/channels sync recursive _channel\.js$] ./app/javascript/channels sync _channel\.js$ 160 bytes {application} [built]
[./app/javascript/channels/index.js] 211 bytes {application} [built]
[./app/javascript/packs/application.js] 749 bytes {application} [built]
[./node_modules/webpack/buildin/module.js] (webpack)/buildin/module.js 552 bytes {application} [built]
    + 3 hidden modules

Completed 200 OK in 3500ms (Views: 3493.6ms | ActiveRecord: 0.0ms | Allocations: 23207)


Started GET "/" for ::1 at 2020-03-04 20:10:43 -0800
  [1m[35m (0.9ms)[0m  [1m[34mSELECT sqlite_version(*)[0m
  
ActiveRecord::PendingMigrationError (

Migrations are pending. To resolve this issue, run:

        rails db:migrate RAILS_ENV=development

):
  
activerecord (6.0.2.1) lib/active_record/migration.rb:587:in `check_pending!'
activerecord (6.0.2.1) lib/active_record/migration.rb:564:in `call'
actionpack (6.0.2.1) lib/action_dispatch/middleware/callbacks.rb:27:in `block in call'
activesupport (6.0.2.1) lib/active_support/callbacks.rb:101:in `run_callbacks'
actionpack (6.0.2.1) lib/action_dispatch/middleware/callbacks.rb:26:in `call'
actionpack (6.0.2.1) lib/action_dispatch/middleware/executor.rb:14:in `call'
actionpack (6.0.2.1) lib/action_dispatch/middleware/actionable_exceptions.rb:17:in `call'
actionpack (6.0.2.1) lib/action_dispatch/middleware/debug_exceptions.rb:32:in `call'
web-console (4.0.1) lib/web_console/middleware.rb:132:in `call_app'
web-console (4.0.1) lib/web_console/middleware.rb:28:in `block in call'
web-console (4.0.1) lib/web_console/middleware.rb:17:in `catch'
web-console (4.0.1) lib/web_console/middleware.rb:17:in `call'
actionpack (6.0.2.1) lib/action_dispatch/middleware/show_exceptions.rb:33:in `call'
railties (6.0.2.1) lib/rails/rack/logger.rb:38:in `call_app'
railties (6.0.2.1) lib/rails/rack/logger.rb:26:in `block in call'
activesupport (6.0.2.1) lib/active_support/tagged_logging.rb:80:in `block in tagged'
activesupport (6.0.2.1) lib/active_support/tagged_logging.rb:28:in `tagged'
activesupport (6.0.2.1) lib/active_support/tagged_logging.rb:80:in `tagged'
railties (6.0.2.1) lib/rails/rack/logger.rb:26:in `call'
sprockets-rails (3.2.1) lib/sprockets/rails/quiet_assets.rb:13:in `call'
actionpack (6.0.2.1) lib/action_dispatch/middleware/remote_ip.rb:81:in `call'
actionpack (6.0.2.1) lib/action_dispatch/middleware/request_id.rb:27:in `call'
rack (2.2.2) lib/rack/method_override.rb:24:in `call'
rack (2.2.2) lib/rack/runtime.rb:22:in `call'
activesupport (6.0.2.1) lib/active_support/cache/strategy/local_cache_middleware.rb:29:in `call'
actionpack (6.0.2.1) lib/action_dispatch/middleware/executor.rb:14:in `call'
actionpack (6.0.2.1) lib/action_dispatch/middleware/static.rb:126:in `call'
rack (2.2.2) lib/rack/sendfile.rb:110:in `call'
actionpack (6.0.2.1) lib/action_dispatch/middleware/host_authorization.rb:83:in `call'
webpacker (4.2.2) lib/webpacker/dev_server_proxy.rb:23:in `perform_request'
rack-proxy (0.6.5) lib/rack/proxy.rb:57:in `call'
railties (6.0.2.1) lib/rails/engine.rb:526:in `call'
puma (4.3.1) lib/puma/configuration.rb:228:in `call'
puma (4.3.1) lib/puma/server.rb:681:in `handle_request'
puma (4.3.1) lib/puma/server.rb:472:in `process_client'
puma (4.3.1) lib/puma/server.rb:328:in `block in run'
puma (4.3.1) lib/puma/thread_pool.rb:134:in `block in spawn_thread'
Started POST "/rails/actions" for ::1 at 2020-03-04 20:10:50 -0800
  [1m[35m (1.7ms)[0m  [1m[35mCREATE TABLE "schema_migrations" ("version" varchar NOT NULL PRIMARY KEY)[0m
  [1m[35m (1.1ms)[0m  [1m[35mCREATE TABLE "ar_internal_metadata" ("key" varchar NOT NULL PRIMARY KEY, "value" varchar, "created_at" datetime(6) NOT NULL, "updated_at" datetime(6) NOT NULL)[0m
  [1m[35m (0.1ms)[0m  [1m[34mSELECT "schema_migrations"."version" FROM "schema_migrations" ORDER BY "schema_migrations"."version" ASC[0m
Migrating to CreateGames (20200223214652)
  [1m[35m (0.1ms)[0m  [1m[36mbegin transaction[0m
  [1m[35m (0.4ms)[0m  [1m[35mCREATE TABLE "games" ("id" integer PRIMARY KEY AUTOINCREMENT NOT NULL, "room_name" varchar, "created_at" datetime(6) NOT NULL, "updated_at" datetime(6) NOT NULL)[0m
  [1m[36mprimary::SchemaMigration Create (0.2ms)[0m  [1m[32mINSERT INTO "schema_migrations" ("version") VALUES (?)[0m  [["version", "20200223214652"]]
  [1m[35m (0.8ms)[0m  [1m[36mcommit transaction[0m
Migrating to CreateCards (20200225223037)
  [1m[35m (0.1ms)[0m  [1m[36mbegin transaction[0m
  [1m[35m (0.6ms)[0m  [1m[35mCREATE TABLE "cards" ("id" integer PRIMARY KEY AUTOINCREMENT NOT NULL, "suit" varchar, "rank" varchar, "location" varchar, "game_id" integer, "created_at" datetime(6) NOT NULL, "updated_at" datetime(6) NOT NULL)[0m
  [1m[36mprimary::SchemaMigration Create (0.1ms)[0m  [1m[32mINSERT INTO "schema_migrations" ("version") VALUES (?)[0m  [["version", "20200225223037"]]
  [1m[35m (0.8ms)[0m  [1m[36mcommit transaction[0m
Migrating to CreateUsers (20200228023029)
  [1m[35m (0.1ms)[0m  [1m[36mbegin transaction[0m
  [1m[35m (0.5ms)[0m  [1m[35mCREATE TABLE "users" ("id" integer PRIMARY KEY AUTOINCREMENT NOT NULL, "username" varchar, "password" varchar, "player" varchar, "created_at" datetime(6) NOT NULL, "updated_at" datetime(6) NOT NULL)[0m
  [1m[36mprimary::SchemaMigration Create (0.2ms)[0m  [1m[32mINSERT INTO "schema_migrations" ("version") VALUES (?)[0m  [["version", "20200228023029"]]
  [1m[35m (0.7ms)[0m  [1m[36mcommit transaction[0m
Migrating to CreatePlayers (20200228023230)
  [1m[35m (0.1ms)[0m  [1m[36mbegin transaction[0m
  [1m[35m (0.5ms)[0m  [1m[35mCREATE TABLE "players" ("id" integer PRIMARY KEY AUTOINCREMENT NOT NULL, "ai" varchar, "username" varchar, "game" varchar, "location" varchar, "created_at" datetime(6) NOT NULL, "updated_at" datetime(6) NOT NULL)[0m
  [1m[36mprimary::SchemaMigration Create (0.1ms)[0m  [1m[32mINSERT INTO "schema_migrations" ("version") VALUES (?)[0m  [["version", "20200228023230"]]
  [1m[35m (1.1ms)[0m  [1m[36mcommit transaction[0m
Migrating to AddPasswordDigestToUsers (20200228030315)
  [1m[35m (0.1ms)[0m  [1m[36mbegin transaction[0m
  [1m[35m (0.8ms)[0m  [1m[35mALTER TABLE "users" ADD "password_digest" varchar[0m
  [1m[36mprimary::SchemaMigration Create (0.2ms)[0m  [1m[32mINSERT INTO "schema_migrations" ("version") VALUES (?)[0m  [["version", "20200228030315"]]
  [1m[35m (0.9ms)[0m  [1m[36mcommit transaction[0m
Migrating to Bruh (20200229003950)
  [1m[35m (0.1ms)[0m  [1m[36mbegin transaction[0m
  [1m[36mprimary::SchemaMigration Create (0.6ms)[0m  [1m[32mINSERT INTO "schema_migrations" ("version") VALUES (?)[0m  [["version", "20200229003950"]]
  [1m[35m (0.8ms)[0m  [1m[36mcommit transaction[0m
Migrating to ChangeGameToBeIntegerInPlayers (20200229010511)
  [1m[35m (0.1ms)[0m  [1m[36mbegin transaction[0m
  [1m[35m (0.1ms)[0m  [1m[35mPRAGMA foreign_keys[0m
  [1m[35m (0.1ms)[0m  [1m[35mPRAGMA defer_foreign_keys[0m
  [1m[35m (0.1ms)[0m  [1m[35mPRAGMA defer_foreign_keys = ON[0m
  [1m[35m (0.1ms)[0m  [1m[35mPRAGMA foreign_keys = OFF[0m
  [1m[35m (0.1ms)[0m  [1m[35mCREATE TEMPORARY TABLE "aplayers" ("id" integer NOT NULL PRIMARY KEY, "ai" varchar DEFAULT NULL, "username" varchar DEFAULT NULL, "game" varchar DEFAULT NULL, "location" varchar DEFAULT NULL, "created_at" datetime(6) NOT NULL, "updated_at" datetime(6) NOT NULL)[0m
  [1m[35m (0.1ms)[0m  [1m[32mINSERT INTO "aplayers" ("id","ai","username","game","location","created_at","updated_at")
                     SELECT "id","ai","username","game","location","created_at","updated_at" FROM "players"[0m
  [1m[35m (0.3ms)[0m  [1m[35mDROP TABLE "players"[0m
  [1m[35m (0.2ms)[0m  [1m[35mCREATE TABLE "players" ("id" integer NOT NULL PRIMARY KEY, "ai" varchar DEFAULT NULL, "username" varchar DEFAULT NULL, "game" integer DEFAULT NULL, "location" varchar DEFAULT NULL, "created_at" datetime(6) NOT NULL, "updated_at" datetime(6) NOT NULL)[0m
  [1m[35m (0.1ms)[0m  [1m[32mINSERT INTO "players" ("id","ai","username","game","location","created_at","updated_at")
                     SELECT "id","ai","username","game","location","created_at","updated_at" FROM "aplayers"[0m
  [1m[35m (0.1ms)[0m  [1m[35mDROP TABLE "aplayers"[0m
  [1m[35m (0.0ms)[0m  [1m[35mPRAGMA defer_foreign_keys = 0[0m
  [1m[35m (0.1ms)[0m  [1m[35mPRAGMA foreign_keys = 1[0m
  [1m[35m (0.0ms)[0m  [1m[35mPRAGMA foreign_keys[0m
  [1m[35m (0.1ms)[0m  [1m[35mPRAGMA defer_foreign_keys[0m
  [1m[35m (0.1ms)[0m  [1m[35mPRAGMA defer_foreign_keys = ON[0m
  [1m[35m (0.0ms)[0m  [1m[35mPRAGMA foreign_keys = OFF[0m
  [1m[35m (0.1ms)[0m  [1m[35mCREATE TEMPORARY TABLE "aplayers" ("id" integer NOT NULL PRIMARY KEY, "ai" varchar DEFAULT NULL, "username" varchar DEFAULT NULL, "game_id" integer DEFAULT NULL, "location" varchar DEFAULT NULL, "created_at" datetime(6) NOT NULL, "updated_at" datetime(6) NOT NULL)[0m
  [1m[35m (0.0ms)[0m  [1m[32mINSERT INTO "aplayers" ("id","ai","username","game_id","location","created_at","updated_at")
                     SELECT "id","ai","username","game","location","created_at","updated_at" FROM "players"[0m
  [1m[35m (0.1ms)[0m  [1m[35mDROP TABLE "players"[0m
  [1m[35m (0.1ms)[0m  [1m[35mCREATE TABLE "players" ("id" integer NOT NULL PRIMARY KEY, "ai" varchar DEFAULT NULL, "username" varchar DEFAULT NULL, "game_id" integer DEFAULT NULL, "location" varchar DEFAULT NULL, "created_at" datetime(6) NOT NULL, "updated_at" datetime(6) NOT NULL)[0m
  [1m[35m (0.0ms)[0m  [1m[32mINSERT INTO "players" ("id","ai","username","game_id","location","created_at","updated_at")
                     SELECT "id","ai","username","game_id","location","created_at","updated_at" FROM "aplayers"[0m
  [1m[35m (0.1ms)[0m  [1m[35mDROP TABLE "aplayers"[0m
  [1m[35m (0.0ms)[0m  [1m[35mPRAGMA defer_foreign_keys = 0[0m
  [1m[35m (0.0ms)[0m  [1m[35mPRAGMA foreign_keys = 1[0m
  [1m[36mprimary::SchemaMigration Create (0.1ms)[0m  [1m[32mINSERT INTO "schema_migrations" ("version") VALUES (?)[0m  [["version", "20200229010511"]]
  [1m[35m (1.1ms)[0m  [1m[36mcommit transaction[0m
Migrating to AddUserIdToPlayers (20200229010831)
  [1m[35m (0.1ms)[0m  [1m[36mbegin transaction[0m
  [1m[35m (0.4ms)[0m  [1m[35mALTER TABLE "players" ADD "user_id" integer[0m
  [1m[36mprimary::SchemaMigration Create (0.1ms)[0m  [1m[32mINSERT INTO "schema_migrations" ("version") VALUES (?)[0m  [["version", "20200229010831"]]
  [1m[35m (0.7ms)[0m  [1m[36mcommit transaction[0m
Migrating to DropPlayersTable (20200301231644)
  [1m[35m (0.1ms)[0m  [1m[36mbegin transaction[0m
  [1m[35m (0.3ms)[0m  [1m[35mDROP TABLE "players"[0m
  [1m[36mprimary::SchemaMigration Create (0.1ms)[0m  [1m[32mINSERT INTO "schema_migrations" ("version") VALUES (?)[0m  [["version", "20200301231644"]]
  [1m[35m (0.9ms)[0m  [1m[36mcommit transaction[0m
Migrating to CreatePlayersTable (20200301231823)
  [1m[35m (0.1ms)[0m  [1m[36mbegin transaction[0m
  [1m[35m (0.8ms)[0m  [1m[35mCREATE TABLE "players" ("id" integer PRIMARY KEY AUTOINCREMENT NOT NULL, "ai" varchar, "username" varchar, "game_id" integer, "user_id" integer, "location" varchar, "money" integer, "created_at" datetime(6) NOT NULL, "updated_at" datetime(6) NOT NULL)[0m
  [1m[36mprimary::SchemaMigration Create (0.2ms)[0m  [1m[32mINSERT INTO "schema_migrations" ("version") VALUES (?)[0m  [["version", "20200301231823"]]
  [1m[35m (0.8ms)[0m  [1m[36mcommit transaction[0m
Migrating to DropPlayerFromUsers (20200302011353)
  [1m[35m (0.1ms)[0m  [1m[36mbegin transaction[0m
  [1m[35m (0.0ms)[0m  [1m[35mPRAGMA foreign_keys[0m
  [1m[35m (0.1ms)[0m  [1m[35mPRAGMA defer_foreign_keys[0m
  [1m[35m (0.1ms)[0m  [1m[35mPRAGMA defer_foreign_keys = ON[0m
  [1m[35m (0.1ms)[0m  [1m[35mPRAGMA foreign_keys = OFF[0m
  [1m[35m (0.1ms)[0m  [1m[35mCREATE TEMPORARY TABLE "ausers" ("id" integer NOT NULL PRIMARY KEY, "username" varchar DEFAULT NULL, "password" varchar DEFAULT NULL, "player" varchar DEFAULT NULL, "created_at" datetime(6) NOT NULL, "updated_at" datetime(6) NOT NULL, "password_digest" varchar DEFAULT NULL)[0m
  [1m[35m (0.1ms)[0m  [1m[32mINSERT INTO "ausers" ("id","username","password","player","created_at","updated_at","password_digest")
                     SELECT "id","username","password","player","created_at","updated_at","password_digest" FROM "users"[0m
  [1m[35m (0.3ms)[0m  [1m[35mDROP TABLE "users"[0m
  [1m[35m (0.1ms)[0m  [1m[35mCREATE TABLE "users" ("id" integer NOT NULL PRIMARY KEY, "username" varchar DEFAULT NULL, "password" varchar DEFAULT NULL, "created_at" datetime(6) NOT NULL, "updated_at" datetime(6) NOT NULL, "password_digest" varchar DEFAULT NULL)[0m
  [1m[35m (0.0ms)[0m  [1m[32mINSERT INTO "users" ("id","username","password","created_at","updated_at","password_digest")
                     SELECT "id","username","password","created_at","updated_at","password_digest" FROM "ausers"[0m
  [1m[35m (0.1ms)[0m  [1m[35mDROP TABLE "ausers"[0m
  [1m[35m (0.0ms)[0m  [1m[35mPRAGMA defer_foreign_keys = 0[0m
  [1m[35m (0.0ms)[0m  [1m[35mPRAGMA foreign_keys = 1[0m
  [1m[36mprimary::SchemaMigration Create (0.1ms)[0m  [1m[32mINSERT INTO "schema_migrations" ("version") VALUES (?)[0m  [["version", "20200302011353"]]
  [1m[35m (0.8ms)[0m  [1m[36mcommit transaction[0m
  [1m[36mActiveRecord::InternalMetadata Load (0.2ms)[0m  [1m[34mSELECT "ar_internal_metadata".* FROM "ar_internal_metadata" WHERE "ar_internal_metadata"."key" = ? LIMIT ?[0m  [["key", "environment"], ["LIMIT", 1]]
  [1m[35m (0.1ms)[0m  [1m[36mbegin transaction[0m
  [1m[36mActiveRecord::InternalMetadata Create (0.3ms)[0m  [1m[32mINSERT INTO "ar_internal_metadata" ("key", "value", "created_at", "updated_at") VALUES (?, ?, ?, ?)[0m  [["key", "environment"], ["value", "development"], ["created_at", "2020-03-05 04:10:50.849387"], ["updated_at", "2020-03-05 04:10:50.849387"]]
  [1m[35m (0.7ms)[0m  [1m[36mcommit transaction[0m
Started GET "/" for ::1 at 2020-03-04 20:10:50 -0800
  [1m[35m (0.1ms)[0m  [1m[34mSELECT "schema_migrations"."version" FROM "schema_migrations" ORDER BY "schema_migrations"."version" ASC[0m
Processing by WelcomeController#index as HTML
  Rendering welcome/index.html.erb within layouts/application
  [1m[36mUser Load (0.1ms)[0m  [1m[34mSELECT "users".* FROM "users" WHERE "users"."id" IS NULL LIMIT ?[0m  [["LIMIT", 1]]
  ↳ app/controllers/application_controller.rb:6:in `current_user'
  Rendered welcome/index.html.erb within layouts/application (Duration: 7.5ms | Allocations: 2942)
[Webpacker] Everything's up-to-date. Nothing to do
  [1m[36mCACHE User Load (0.0ms)[0m  [1m[34mSELECT "users".* FROM "users" WHERE "users"."id" IS NULL LIMIT ?[0m  [["LIMIT", 1]]
  ↳ app/controllers/application_controller.rb:6:in `current_user'
Completed 200 OK in 163ms (Views: 158.6ms | ActiveRecord: 0.4ms | Allocations: 29365)


Started GET "/welcome/tutorial" for ::1 at 2020-03-04 20:10:55 -0800
Processing by WelcomeController#tutorial as HTML
  Rendering welcome/tutorial.html.erb within layouts/application
  Rendered welcome/tutorial.html.erb within layouts/application (Duration: 1.1ms | Allocations: 116)
[Webpacker] Everything's up-to-date. Nothing to do
  [1m[36mUser Load (0.1ms)[0m  [1m[34mSELECT "users".* FROM "users" WHERE "users"."id" IS NULL LIMIT ?[0m  [["LIMIT", 1]]
  ↳ app/controllers/application_controller.rb:6:in `current_user'
Completed 200 OK in 9ms (Views: 8.1ms | ActiveRecord: 0.1ms | Allocations: 4883)


Started GET "/games" for ::1 at 2020-03-04 20:11:00 -0800
Processing by GamesController#index as HTML
  Rendering games/index.html.erb within layouts/application
  [1m[36mGame Load (0.2ms)[0m  [1m[34mSELECT "games".* FROM "games"[0m
  ↳ app/views/games/index.html.erb:14
  Rendered games/index.html.erb within layouts/application (Duration: 2.7ms | Allocations: 1186)
[Webpacker] Everything's up-to-date. Nothing to do
  [1m[36mUser Load (0.2ms)[0m  [1m[34mSELECT "users".* FROM "users" WHERE "users"."id" IS NULL LIMIT ?[0m  [["LIMIT", 1]]
  ↳ app/controllers/application_controller.rb:6:in `current_user'
Completed 200 OK in 19ms (Views: 11.0ms | ActiveRecord: 0.6ms | Allocations: 7856)


Started GET "/games/new" for ::1 at 2020-03-04 20:11:03 -0800
Processing by GamesController#new as HTML
  Rendering games/new.html.erb within layouts/application
  Rendered games/_form.html.erb (Duration: 20.8ms | Allocations: 4825)
  Rendered games/new.html.erb within layouts/application (Duration: 22.0ms | Allocations: 5174)
[Webpacker] Everything's up-to-date. Nothing to do
  [1m[36mUser Load (0.1ms)[0m  [1m[34mSELECT "users".* FROM "users" WHERE "users"."id" IS NULL LIMIT ?[0m  [["LIMIT", 1]]
  ↳ app/controllers/application_controller.rb:6:in `current_user'
Completed 200 OK in 35ms (Views: 30.3ms | ActiveRecord: 0.5ms | Allocations: 12312)


Started POST "/games" for ::1 at 2020-03-04 20:11:09 -0800
Processing by GamesController#create as HTML
  Parameters: {"authenticity_token"=>"CmGZq/KEaCNzJq0+NjHxsDaitDj+PIsamTq5629N3XxUPiqE8iD76b2XXfS3FsB8TUDd7gd1pI+QGpsZWcj4UA==", "game"=>{"room_name"=>"natalia"}, "commit"=>"Create Game"}
  [1m[35m (0.1ms)[0m  [1m[36mbegin transaction[0m
  ↳ app/controllers/games_controller.rb:47:in `block in create'
  [1m[36mGame Create (0.9ms)[0m  [1m[32mINSERT INTO "games" ("room_name", "created_at", "updated_at") VALUES (?, ?, ?)[0m  [["room_name", "natalia"], ["created_at", "2020-03-05 04:11:09.379839"], ["updated_at", "2020-03-05 04:11:09.379839"]]
  ↳ app/controllers/games_controller.rb:47:in `block in create'
  [1m[35m (0.9ms)[0m  [1m[36mcommit transaction[0m
  ↳ app/controllers/games_controller.rb:47:in `block in create'
Redirected to http://localhost:3000/games/1
Completed 302 Found in 7ms (ActiveRecord: 1.9ms | Allocations: 2799)


Started GET "/games/1" for ::1 at 2020-03-04 20:11:09 -0800
Processing by GamesController#show as HTML
  Parameters: {"id"=>"1"}
  [1m[36mGame Load (0.2ms)[0m  [1m[34mSELECT "games".* FROM "games" WHERE "games"."id" = ? LIMIT ?[0m  [["id", 1], ["LIMIT", 1]]
  ↳ app/controllers/games_controller.rb:88:in `set_game'
  [1m[36mUser Load (0.1ms)[0m  [1m[34mSELECT "users".* FROM "users" WHERE "users"."id" IS NULL LIMIT ?[0m  [["LIMIT", 1]]
  ↳ app/controllers/application_controller.rb:6:in `current_user'
  Rendering games/show.html.erb within layouts/application
  [1m[36mCard Load (0.1ms)[0m  [1m[34mSELECT "cards".* FROM "cards" WHERE "cards"."id" = ? LIMIT ?[0m  [["id", 1], ["LIMIT", 1]]
  ↳ app/views/games/show.html.erb:9
  Rendered games/show.html.erb within layouts/application (Duration: 4.0ms | Allocations: 2568)
Completed 500 Internal Server Error in 8ms (ActiveRecord: 0.8ms | Allocations: 4508)


  
ActionView::Template::Error (Couldn't find Card with 'id'=1):
     6: </p>
     7: 
     8: hi. <br/>
     9: <%= Card.find(1).rank %>
    10: <%= Card.find(1).suit %>
    11: <br/> <br/>
    12: 
  
app/views/games/show.html.erb:9
Started GET "/" for ::1 at 2020-03-04 20:11:44 -0800
  [1m[35m (0.3ms)[0m  [1m[34mSELECT sqlite_version(*)[0m
  [1m[35m (0.2ms)[0m  [1m[34mSELECT "schema_migrations"."version" FROM "schema_migrations" ORDER BY "schema_migrations"."version" ASC[0m
Processing by WelcomeController#index as HTML
  Rendering welcome/index.html.erb within layouts/application
  [1m[36mUser Load (0.1ms)[0m  [1m[34mSELECT "users".* FROM "users" WHERE "users"."id" IS NULL LIMIT ?[0m  [["LIMIT", 1]]
  ↳ app/controllers/application_controller.rb:6:in `current_user'
  Rendered welcome/index.html.erb within layouts/application (Duration: 4.6ms | Allocations: 3072)
[Webpacker] Everything's up-to-date. Nothing to do
  [1m[36mCACHE User Load (0.0ms)[0m  [1m[34mSELECT "users".* FROM "users" WHERE "users"."id" IS NULL LIMIT ?[0m  [["LIMIT", 1]]
  ↳ app/controllers/application_controller.rb:6:in `current_user'
Completed 200 OK in 32ms (Views: 26.9ms | ActiveRecord: 0.4ms | Allocations: 13337)


Started GET "/" for ::1 at 2020-03-04 20:11:46 -0800
Processing by WelcomeController#index as HTML
  Rendering welcome/index.html.erb within layouts/application
  [1m[36mUser Load (0.1ms)[0m  [1m[34mSELECT "users".* FROM "users" WHERE "users"."id" IS NULL LIMIT ?[0m  [["LIMIT", 1]]
  ↳ app/controllers/application_controller.rb:6:in `current_user'
  Rendered welcome/index.html.erb within layouts/application (Duration: 1.4ms | Allocations: 710)
[Webpacker] Everything's up-to-date. Nothing to do
  [1m[36mCACHE User Load (0.0ms)[0m  [1m[34mSELECT "users".* FROM "users" WHERE "users"."id" IS NULL LIMIT ?[0m  [["LIMIT", 1]]
  ↳ app/controllers/application_controller.rb:6:in `current_user'
Completed 200 OK in 10ms (Views: 9.1ms | ActiveRecord: 0.1ms | Allocations: 5322)


Started GET "/games/new" for ::1 at 2020-03-04 20:12:06 -0800
Processing by GamesController#new as HTML
  Rendering games/new.html.erb within layouts/application
  Rendered games/_form.html.erb (Duration: 7.3ms | Allocations: 2402)
  Rendered games/new.html.erb within layouts/application (Duration: 10.7ms | Allocations: 2762)
[Webpacker] Everything's up-to-date. Nothing to do
  [1m[36mUser Load (0.1ms)[0m  [1m[34mSELECT "users".* FROM "users" WHERE "users"."id" IS NULL LIMIT ?[0m  [["LIMIT", 1]]
  ↳ app/controllers/application_controller.rb:6:in `current_user'
Completed 200 OK in 43ms (Views: 27.2ms | ActiveRecord: 1.7ms | Allocations: 12042)


Started GET "/games" for ::1 at 2020-03-04 20:12:07 -0800
Processing by GamesController#index as HTML
  Rendering games/index.html.erb within layouts/application
  [1m[36mGame Load (0.3ms)[0m  [1m[34mSELECT "games".* FROM "games"[0m
  ↳ app/views/games/index.html.erb:14
  [1m[36mPlayer Load (0.1ms)[0m  [1m[34mSELECT "players".* FROM "players" WHERE "players"."game_id" = ?[0m  [["game_id", 1]]
  ↳ app/views/games/index.html.erb:17
  Rendered games/index.html.erb within layouts/application (Duration: 37.5ms | Allocations: 8634)
[Webpacker] Everything's up-to-date. Nothing to do
  [1m[36mUser Load (0.1ms)[0m  [1m[34mSELECT "users".* FROM "users" WHERE "users"."id" IS NULL LIMIT ?[0m  [["LIMIT", 1]]
  ↳ app/controllers/application_controller.rb:6:in `current_user'
Completed 200 OK in 47ms (Views: 43.7ms | ActiveRecord: 0.8ms | Allocations: 13402)


Started DELETE "/games/1" for ::1 at 2020-03-04 20:12:14 -0800
Processing by GamesController#destroy as HTML
  Parameters: {"authenticity_token"=>"fjRVzVUIOhBt6RpTKaXJbopNkNt+gVHBdDVPWE5jZxQuvYoCWi1Gl+HnobB4USu8qJoSvCi9vUdcVCOPZr5z/g==", "id"=>"1"}
  [1m[36mGame Load (0.2ms)[0m  [1m[34mSELECT "games".* FROM "games" WHERE "games"."id" = ? LIMIT ?[0m  [["id", 1], ["LIMIT", 1]]
  ↳ app/controllers/games_controller.rb:88:in `set_game'
  [1m[36mPlayer Load (0.1ms)[0m  [1m[34mSELECT "players".* FROM "players" WHERE "players"."game_id" = ?[0m  [["game_id", 1]]
  ↳ app/controllers/games_controller.rb:74:in `destroy'
  [1m[35m (0.1ms)[0m  [1m[36mbegin transaction[0m
  ↳ app/controllers/games_controller.rb:78:in `destroy'
  [1m[36mGame Destroy (0.4ms)[0m  [1m[31mDELETE FROM "games" WHERE "games"."id" = ?[0m  [["id", 1]]
  ↳ app/controllers/games_controller.rb:78:in `destroy'
  [1m[35m (1.2ms)[0m  [1m[36mcommit transaction[0m
  ↳ app/controllers/games_controller.rb:78:in `destroy'
Redirected to http://localhost:3000/games
Completed 302 Found in 8ms (ActiveRecord: 2.0ms | Allocations: 3487)


Started GET "/games" for ::1 at 2020-03-04 20:12:14 -0800
Processing by GamesController#index as HTML
  Rendering games/index.html.erb within layouts/application
  [1m[36mGame Load (0.1ms)[0m  [1m[34mSELECT "games".* FROM "games"[0m
  ↳ app/views/games/index.html.erb:14
  Rendered games/index.html.erb within layouts/application (Duration: 1.0ms | Allocations: 620)
[Webpacker] Everything's up-to-date. Nothing to do
  [1m[36mUser Load (0.1ms)[0m  [1m[34mSELECT "users".* FROM "users" WHERE "users"."id" IS NULL LIMIT ?[0m  [["LIMIT", 1]]
  ↳ app/controllers/application_controller.rb:6:in `current_user'
Completed 200 OK in 8ms (Views: 7.5ms | ActiveRecord: 0.2ms | Allocations: 5284)


Started GET "/games/new" for ::1 at 2020-03-04 20:12:56 -0800
Processing by GamesController#new as HTML
  Rendering games/new.html.erb within layouts/application
  Rendered games/_form.html.erb (Duration: 2.3ms | Allocations: 532)
  Rendered games/new.html.erb within layouts/application (Duration: 2.8ms | Allocations: 624)
[Webpacker] Everything's up-to-date. Nothing to do
  [1m[36mUser Load (0.1ms)[0m  [1m[34mSELECT "users".* FROM "users" WHERE "users"."id" IS NULL LIMIT ?[0m  [["LIMIT", 1]]
  ↳ app/controllers/application_controller.rb:6:in `current_user'
Completed 200 OK in 12ms (Views: 10.8ms | ActiveRecord: 0.1ms | Allocations: 5281)


Started POST "/games" for ::1 at 2020-03-04 20:13:02 -0800
Processing by GamesController#create as HTML
  Parameters: {"authenticity_token"=>"VnB3la6WQoQJIwJ7sa0c0qCLZeN8AYHP2waHN7IXLeMIL8S6rjLRTseS8rEwii0e22kMNYVIrlrSJqXFhJIIzw==", "game"=>{"room_name"=>"Natalia's Game"}, "commit"=>"Create Game"}
  [1m[35m (0.0ms)[0m  [1m[36mbegin transaction[0m
  ↳ app/controllers/games_controller.rb:47:in `block in create'
  [1m[36mGame Create (0.4ms)[0m  [1m[32mINSERT INTO "games" ("room_name", "created_at", "updated_at") VALUES (?, ?, ?)[0m  [["room_name", "Natalia's Game"], ["created_at", "2020-03-05 04:13:02.321637"], ["updated_at", "2020-03-05 04:13:02.321637"]]
  ↳ app/controllers/games_controller.rb:47:in `block in create'
  [1m[35m (0.8ms)[0m  [1m[36mcommit transaction[0m
  ↳ app/controllers/games_controller.rb:47:in `block in create'
Redirected to http://localhost:3000/games/2
Completed 302 Found in 5ms (ActiveRecord: 1.2ms | Allocations: 2868)


Started GET "/games/2" for ::1 at 2020-03-04 20:13:02 -0800
Processing by GamesController#show as HTML
  Parameters: {"id"=>"2"}
  [1m[36mGame Load (0.1ms)[0m  [1m[34mSELECT "games".* FROM "games" WHERE "games"."id" = ? LIMIT ?[0m  [["id", 2], ["LIMIT", 1]]
  ↳ app/controllers/games_controller.rb:88:in `set_game'
  [1m[36mUser Load (0.1ms)[0m  [1m[34mSELECT "users".* FROM "users" WHERE "users"."id" IS NULL LIMIT ?[0m  [["LIMIT", 1]]
  ↳ app/controllers/application_controller.rb:6:in `current_user'
  Rendering games/show.html.erb within layouts/application
  [1m[36mCard Load (0.2ms)[0m  [1m[34mSELECT "cards".* FROM "cards" WHERE "cards"."id" = ? LIMIT ?[0m  [["id", 1], ["LIMIT", 1]]
  ↳ app/views/games/show.html.erb:9
  Rendered games/show.html.erb within layouts/application (Duration: 9.8ms | Allocations: 5375)
Completed 500 Internal Server Error in 13ms (ActiveRecord: 0.9ms | Allocations: 7190)


  
ActionView::Template::Error (Couldn't find Card with 'id'=1):
     6: </p>
     7: 
     8: hi. <br/>
     9: <%= Card.find(1).rank %>
    10: <%= Card.find(1).suit %>
    11: <br/> <br/>
    12: 
  
app/views/games/show.html.erb:9
Started GET "/games/" for ::1 at 2020-03-04 20:13:14 -0800
Processing by GamesController#index as HTML
  Rendering games/index.html.erb within layouts/application
  [1m[36mGame Load (0.1ms)[0m  [1m[34mSELECT "games".* FROM "games"[0m
  ↳ app/views/games/index.html.erb:14
  [1m[36mPlayer Load (0.1ms)[0m  [1m[34mSELECT "players".* FROM "players" WHERE "players"."game_id" = ?[0m  [["game_id", 2]]
  ↳ app/views/games/index.html.erb:17
  Rendered games/index.html.erb within layouts/application (Duration: 3.0ms | Allocations: 1462)
[Webpacker] Everything's up-to-date. Nothing to do
  [1m[36mUser Load (0.1ms)[0m  [1m[34mSELECT "users".* FROM "users" WHERE "users"."id" IS NULL LIMIT ?[0m  [["LIMIT", 1]]
  ↳ app/controllers/application_controller.rb:6:in `current_user'
Completed 200 OK in 12ms (Views: 10.4ms | ActiveRecord: 0.4ms | Allocations: 6183)


Started GET "/games/new" for ::1 at 2020-03-04 20:13:18 -0800
Processing by GamesController#new as HTML
  Rendering games/new.html.erb within layouts/application
  Rendered games/_form.html.erb (Duration: 1.2ms | Allocations: 549)
  Rendered games/new.html.erb within layouts/application (Duration: 1.5ms | Allocations: 641)
[Webpacker] Everything's up-to-date. Nothing to do
  [1m[36mUser Load (0.1ms)[0m  [1m[34mSELECT "users".* FROM "users" WHERE "users"."id" IS NULL LIMIT ?[0m  [["LIMIT", 1]]
  ↳ app/controllers/application_controller.rb:6:in `current_user'
Completed 200 OK in 11ms (Views: 10.0ms | ActiveRecord: 0.1ms | Allocations: 5311)


Started POST "/games" for ::1 at 2020-03-04 20:13:24 -0800
Processing by GamesController#create as HTML
  Parameters: {"authenticity_token"=>"0tdAksR85SwplM2YsrtjyKF9FP6sS0TiBYz15MOQ18qMiPO9xNh25uclPVIznFIE2p99KFUCa3cMrNcW9RXy5g==", "game"=>{"room_name"=>"Natalia's second game"}, "commit"=>"Create Game"}
  [1m[35m (0.1ms)[0m  [1m[36mbegin transaction[0m
  ↳ app/controllers/games_controller.rb:47:in `block in create'
  [1m[36mGame Create (0.4ms)[0m  [1m[32mINSERT INTO "games" ("room_name", "created_at", "updated_at") VALUES (?, ?, ?)[0m  [["room_name", "Natalia's second game"], ["created_at", "2020-03-05 04:13:24.458683"], ["updated_at", "2020-03-05 04:13:24.458683"]]
  ↳ app/controllers/games_controller.rb:47:in `block in create'
  [1m[35m (0.9ms)[0m  [1m[36mcommit transaction[0m
  ↳ app/controllers/games_controller.rb:47:in `block in create'
Redirected to http://localhost:3000/games/3
Completed 302 Found in 5ms (ActiveRecord: 1.3ms | Allocations: 2599)


Started GET "/games/3" for ::1 at 2020-03-04 20:13:24 -0800
Processing by GamesController#show as HTML
  Parameters: {"id"=>"3"}
  [1m[36mGame Load (0.1ms)[0m  [1m[34mSELECT "games".* FROM "games" WHERE "games"."id" = ? LIMIT ?[0m  [["id", 3], ["LIMIT", 1]]
  ↳ app/controllers/games_controller.rb:88:in `set_game'
  [1m[36mUser Load (0.1ms)[0m  [1m[34mSELECT "users".* FROM "users" WHERE "users"."id" IS NULL LIMIT ?[0m  [["LIMIT", 1]]
  ↳ app/controllers/application_controller.rb:6:in `current_user'
  Rendering games/show.html.erb within layouts/application
  [1m[36mCard Load (0.1ms)[0m  [1m[34mSELECT "cards".* FROM "cards" WHERE "cards"."id" = ? LIMIT ?[0m  [["id", 1], ["LIMIT", 1]]
  ↳ app/views/games/show.html.erb:9
  Rendered games/show.html.erb within layouts/application (Duration: 1.4ms | Allocations: 1419)
Completed 500 Internal Server Error in 4ms (ActiveRecord: 0.3ms | Allocations: 3096)


  
ActionView::Template::Error (Couldn't find Card with 'id'=1):
     6: </p>
     7: 
     8: hi. <br/>
     9: <%= Card.find(1).rank %>
    10: <%= Card.find(1).suit %>
    11: <br/> <br/>
    12: 
  
app/views/games/show.html.erb:9
Started GET "/games" for ::1 at 2020-03-04 20:13:28 -0800
Processing by GamesController#index as HTML
  Rendering games/index.html.erb within layouts/application
  [1m[36mGame Load (0.1ms)[0m  [1m[34mSELECT "games".* FROM "games"[0m
  ↳ app/views/games/index.html.erb:14
  [1m[36mPlayer Load (0.1ms)[0m  [1m[34mSELECT "players".* FROM "players" WHERE "players"."game_id" = ?[0m  [["game_id", 2]]
  ↳ app/views/games/index.html.erb:17
  [1m[36mPlayer Load (0.1ms)[0m  [1m[34mSELECT "players".* FROM "players" WHERE "players"."game_id" = ?[0m  [["game_id", 3]]
  ↳ app/views/games/index.html.erb:17
  Rendered games/index.html.erb within layouts/application (Duration: 3.6ms | Allocations: 2213)
[Webpacker] Everything's up-to-date. Nothing to do
  [1m[36mUser Load (0.1ms)[0m  [1m[34mSELECT "users".* FROM "users" WHERE "users"."id" IS NULL LIMIT ?[0m  [["LIMIT", 1]]
  ↳ app/controllers/application_controller.rb:6:in `current_user'
Completed 200 OK in 12ms (Views: 10.5ms | ActiveRecord: 0.4ms | Allocations: 6884)


Started GET "/games/2" for ::1 at 2020-03-04 20:13:38 -0800
Processing by GamesController#show as HTML
  Parameters: {"id"=>"2"}
  [1m[36mGame Load (0.3ms)[0m  [1m[34mSELECT "games".* FROM "games" WHERE "games"."id" = ? LIMIT ?[0m  [["id", 2], ["LIMIT", 1]]
  ↳ app/controllers/games_controller.rb:88:in `set_game'
  [1m[36mUser Load (0.1ms)[0m  [1m[34mSELECT "users".* FROM "users" WHERE "users"."id" IS NULL LIMIT ?[0m  [["LIMIT", 1]]
  ↳ app/controllers/application_controller.rb:6:in `current_user'
  Rendering games/show.html.erb within layouts/application
  [1m[36mCard Load (0.1ms)[0m  [1m[34mSELECT "cards".* FROM "cards" WHERE "cards"."id" = ? LIMIT ?[0m  [["id", 1], ["LIMIT", 1]]
  ↳ app/views/games/show.html.erb:9
  Rendered games/show.html.erb within layouts/application (Duration: 1.1ms | Allocations: 1417)
Completed 500 Internal Server Error in 5ms (ActiveRecord: 0.5ms | Allocations: 3068)


  
ActionView::Template::Error (Couldn't find Card with 'id'=1):
     6: </p>
     7: 
     8: hi. <br/>
     9: <%= Card.find(1).rank %>
    10: <%= Card.find(1).suit %>
    11: <br/> <br/>
    12: 
  
app/views/games/show.html.erb:9
Started GET "/games/" for ::1 at 2020-03-04 20:13:45 -0800
Processing by GamesController#index as HTML
  Rendering games/index.html.erb within layouts/application
  [1m[36mGame Load (0.1ms)[0m  [1m[34mSELECT "games".* FROM "games"[0m
  ↳ app/views/games/index.html.erb:14
  [1m[36mPlayer Load (0.1ms)[0m  [1m[34mSELECT "players".* FROM "players" WHERE "players"."game_id" = ?[0m  [["game_id", 2]]
  ↳ app/views/games/index.html.erb:17
  [1m[36mPlayer Load (0.1ms)[0m  [1m[34mSELECT "players".* FROM "players" WHERE "players"."game_id" = ?[0m  [["game_id", 3]]
  ↳ app/views/games/index.html.erb:17
  Rendered games/index.html.erb within layouts/application (Duration: 3.3ms | Allocations: 2211)
[Webpacker] Everything's up-to-date. Nothing to do
  [1m[36mUser Load (0.1ms)[0m  [1m[34mSELECT "users".* FROM "users" WHERE "users"."id" IS NULL LIMIT ?[0m  [["LIMIT", 1]]
  ↳ app/controllers/application_controller.rb:6:in `current_user'
Completed 200 OK in 11ms (Views: 9.7ms | ActiveRecord: 0.4ms | Allocations: 6861)


Started GET "/welcome/tutorial" for ::1 at 2020-03-04 20:13:47 -0800
Processing by WelcomeController#tutorial as HTML
  Rendering welcome/tutorial.html.erb within layouts/application
  Rendered welcome/tutorial.html.erb within layouts/application (Duration: 0.4ms | Allocations: 115)
[Webpacker] Everything's up-to-date. Nothing to do
  [1m[36mUser Load (0.1ms)[0m  [1m[34mSELECT "users".* FROM "users" WHERE "users"."id" IS NULL LIMIT ?[0m  [["LIMIT", 1]]
  ↳ app/controllers/application_controller.rb:6:in `current_user'
Completed 200 OK in 8ms (Views: 7.4ms | ActiveRecord: 0.1ms | Allocations: 4867)


Started GET "/welcome/index" for ::1 at 2020-03-04 20:13:58 -0800
Processing by WelcomeController#index as HTML
  Rendering welcome/index.html.erb within layouts/application
  [1m[36mUser Load (0.1ms)[0m  [1m[34mSELECT "users".* FROM "users" WHERE "users"."id" IS NULL LIMIT ?[0m  [["LIMIT", 1]]
  ↳ app/controllers/application_controller.rb:6:in `current_user'
  Rendered welcome/index.html.erb within layouts/application (Duration: 1.3ms | Allocations: 693)
[Webpacker] Everything's up-to-date. Nothing to do
  [1m[36mCACHE User Load (0.0ms)[0m  [1m[34mSELECT "users".* FROM "users" WHERE "users"."id" IS NULL LIMIT ?[0m  [["LIMIT", 1]]
  ↳ app/controllers/application_controller.rb:6:in `current_user'
Completed 200 OK in 11ms (Views: 9.6ms | ActiveRecord: 0.2ms | Allocations: 5293)


Started DELETE "/logout" for ::1 at 2020-03-04 20:14:02 -0800
Processing by SessionsController#destroy as HTML
  Parameters: {"authenticity_token"=>"Vqno6tvEDTZSV4IS/2z3KqOty93QY84W5QOsTX6x3ikGIDcl1OFxsd5ZOfGumBX4gXpJuoZfIpDNYsCaVmzKww=="}
Redirected to http://localhost:3000/
Completed 302 Found in 1ms (ActiveRecord: 0.0ms | Allocations: 546)


Started GET "/" for ::1 at 2020-03-04 20:14:02 -0800
Processing by WelcomeController#index as HTML
  Rendering welcome/index.html.erb within layouts/application
  [1m[36mUser Load (0.1ms)[0m  [1m[34mSELECT "users".* FROM "users" WHERE "users"."id" IS NULL LIMIT ?[0m  [["LIMIT", 1]]
  ↳ app/controllers/application_controller.rb:6:in `current_user'
  Rendered welcome/index.html.erb within layouts/application (Duration: 1.0ms | Allocations: 693)
[Webpacker] Everything's up-to-date. Nothing to do
  [1m[36mCACHE User Load (0.0ms)[0m  [1m[34mSELECT "users".* FROM "users" WHERE "users"."id" IS NULL LIMIT ?[0m  [["LIMIT", 1]]
  ↳ app/controllers/application_controller.rb:6:in `current_user'
Completed 200 OK in 8ms (Views: 7.8ms | ActiveRecord: 0.1ms | Allocations: 5282)


Started GET "/users/new" for ::1 at 2020-03-04 20:14:03 -0800
Processing by UsersController#new as HTML
  Parameters: {"authenticity_token"=>"6KxOjDxDI/XTUun/LxJmCzgkbXWYziDDBe0Xd+pb/q64JZFDM2Zfcl9cUhx+5oTZGvPvEs7yzEUtjHugwobqRA=="}
  Rendering users/new.html.erb within layouts/application
  Rendered users/new.html.erb within layouts/application (Duration: 6.5ms | Allocations: 1190)
[Webpacker] Everything's up-to-date. Nothing to do
  [1m[36mUser Load (0.2ms)[0m  [1m[34mSELECT "users".* FROM "users" WHERE "users"."id" IS NULL LIMIT ?[0m  [["LIMIT", 1]]
  ↳ app/controllers/application_controller.rb:6:in `current_user'
Completed 200 OK in 25ms (Views: 19.2ms | ActiveRecord: 0.5ms | Allocations: 9965)


Started POST "/users" for ::1 at 2020-03-04 20:14:21 -0800
Processing by UsersController#create as HTML
  Parameters: {"authenticity_token"=>"jrpZEtkJV3GqJlu1X4ZTQ3bb2d4mdOMeKV6r2WXUR+veM4bd1iwr9iYo4FYOcrGRVAxbuXBID5gBP8cOTQlTAQ==", "user"=>{"username"=>"natalia1", "password"=>"[FILTERED]"}, "commit"=>"Create User"}
  [1m[35m (0.1ms)[0m  [1m[36mbegin transaction[0m
  ↳ app/controllers/users_controller.rb:27:in `create'
  [1m[36mUser Create (0.3ms)[0m  [1m[32mINSERT INTO "users" ("username", "created_at", "updated_at", "password_digest") VALUES (?, ?, ?, ?)[0m  [["username", "natalia1"], ["created_at", "2020-03-05 04:14:21.767767"], ["updated_at", "2020-03-05 04:14:21.767767"], ["password_digest", "$2a$12$HxnIQNGyMFO/0tPw51f1cOV96BxC3nwMQlfFVFzPLXOEa/gYKxWp."]]
  ↳ app/controllers/users_controller.rb:27:in `create'
  [1m[35m (1.6ms)[0m  [1m[36mcommit transaction[0m
  ↳ app/controllers/users_controller.rb:27:in `create'
Redirected to http://localhost:3000/users/1
Completed 302 Found in 215ms (ActiveRecord: 2.0ms | Allocations: 2993)


Started GET "/users/1" for ::1 at 2020-03-04 20:14:21 -0800
Processing by UsersController#show as HTML
  Parameters: {"id"=>"1"}
  [1m[36mUser Load (0.2ms)[0m  [1m[34mSELECT "users".* FROM "users" WHERE "users"."id" = ? LIMIT ?[0m  [["id", 1], ["LIMIT", 1]]
  ↳ app/controllers/users_controller.rb:72:in `set_user'
  Rendering users/show.html.erb within layouts/application
  Rendered users/show.html.erb within layouts/application (Duration: 1.4ms | Allocations: 259)
[Webpacker] Everything's up-to-date. Nothing to do
  [1m[36mUser Load (0.1ms)[0m  [1m[34mSELECT "users".* FROM "users" WHERE "users"."id" = ? LIMIT ?[0m  [["id", 1], ["LIMIT", 1]]
  ↳ app/controllers/application_controller.rb:6:in `current_user'
  [1m[36mCACHE User Load (0.0ms)[0m  [1m[34mSELECT "users".* FROM "users" WHERE "users"."id" = ? LIMIT ?[0m  [["id", 1], ["LIMIT", 1]]
  ↳ app/controllers/application_controller.rb:6:in `current_user'
Completed 200 OK in 9ms (Views: 6.9ms | ActiveRecord: 0.3ms | Allocations: 6176)


Started GET "/users" for ::1 at 2020-03-04 20:14:29 -0800
Processing by UsersController#index as HTML
  Rendering users/index.html.erb within layouts/application
  [1m[36mUser Load (0.2ms)[0m  [1m[34mSELECT "users".* FROM "users"[0m
  ↳ app/views/users/index.html.erb:16
  [1m[35m (0.2ms)[0m  [1m[34mSELECT COUNT(*) FROM "players" WHERE "players"."user_id" = ?[0m  [["user_id", 1]]
  ↳ app/views/users/index.html.erb:19
  Rendered users/index.html.erb within layouts/application (Duration: 5.1ms | Allocations: 2418)
[Webpacker] Everything's up-to-date. Nothing to do
  [1m[36mUser Load (0.1ms)[0m  [1m[34mSELECT "users".* FROM "users" WHERE "users"."id" = ? LIMIT ?[0m  [["id", 1], ["LIMIT", 1]]
  ↳ app/controllers/application_controller.rb:6:in `current_user'
  [1m[36mCACHE User Load (0.0ms)[0m  [1m[34mSELECT "users".* FROM "users" WHERE "users"."id" = ? LIMIT ?[0m  [["id", 1], ["LIMIT", 1]]
  ↳ app/controllers/application_controller.rb:6:in `current_user'
Completed 200 OK in 14ms (Views: 12.4ms | ActiveRecord: 0.5ms | Allocations: 7472)


Started GET "/" for ::1 at 2020-03-04 20:14:51 -0800
Processing by WelcomeController#index as HTML
  Rendering welcome/index.html.erb within layouts/application
  [1m[36mUser Load (0.1ms)[0m  [1m[34mSELECT "users".* FROM "users" WHERE "users"."id" = ? LIMIT ?[0m  [["id", 1], ["LIMIT", 1]]
  ↳ app/controllers/application_controller.rb:6:in `current_user'
  [1m[36mCACHE User Load (0.0ms)[0m  [1m[34mSELECT "users".* FROM "users" WHERE "users"."id" = ? LIMIT ?[0m  [["id", 1], ["LIMIT", 1]]
  ↳ app/controllers/application_controller.rb:6:in `current_user'
  Rendered welcome/index.html.erb within layouts/application (Duration: 1.7ms | Allocations: 1057)
[Webpacker] Everything's up-to-date. Nothing to do
  [1m[36mCACHE User Load (0.0ms)[0m  [1m[34mSELECT "users".* FROM "users" WHERE "users"."id" = ? LIMIT ?[0m  [["id", 1], ["LIMIT", 1]]
  ↳ app/controllers/application_controller.rb:6:in `current_user'
  [1m[36mCACHE User Load (0.0ms)[0m  [1m[34mSELECT "users".* FROM "users" WHERE "users"."id" = ? LIMIT ?[0m  [["id", 1], ["LIMIT", 1]]
  ↳ app/controllers/application_controller.rb:6:in `current_user'
Completed 200 OK in 11ms (Views: 10.0ms | ActiveRecord: 0.2ms | Allocations: 6021)


Started DELETE "/logout" for ::1 at 2020-03-04 20:14:55 -0800
Processing by SessionsController#destroy as HTML
  Parameters: {"authenticity_token"=>"8T/3ZzHOcjQDFhgvwEaeZkZLD4oXcunovZ0KwIBXDBOhtiioPusOs48Yo8yRsny0ZJyN7UFOBW6V/GYXqIoY+Q=="}
Redirected to http://localhost:3000/
Completed 302 Found in 1ms (ActiveRecord: 0.0ms | Allocations: 373)


Started GET "/" for ::1 at 2020-03-04 20:14:55 -0800
Processing by WelcomeController#index as HTML
  Rendering welcome/index.html.erb within layouts/application
  [1m[36mUser Load (0.1ms)[0m  [1m[34mSELECT "users".* FROM "users" WHERE "users"."id" IS NULL LIMIT ?[0m  [["LIMIT", 1]]
  ↳ app/controllers/application_controller.rb:6:in `current_user'
  Rendered welcome/index.html.erb within layouts/application (Duration: 1.1ms | Allocations: 693)
[Webpacker] Everything's up-to-date. Nothing to do
  [1m[36mCACHE User Load (0.0ms)[0m  [1m[34mSELECT "users".* FROM "users" WHERE "users"."id" IS NULL LIMIT ?[0m  [["LIMIT", 1]]
  ↳ app/controllers/application_controller.rb:6:in `current_user'
Completed 200 OK in 8ms (Views: 7.6ms | ActiveRecord: 0.1ms | Allocations: 5288)


Started GET "/" for ::1 at 2020-03-04 22:38:40 -0800
  [1m[35m (0.1ms)[0m  [1m[34mSELECT sqlite_version(*)[0m
Processing by WelcomeController#index as HTML
  Rendering welcome/index.html.erb within layouts/application
  [1m[36mUser Load (0.2ms)[0m  [1m[34mSELECT "users".* FROM "users" WHERE "users"."id" IS NULL LIMIT ?[0m  [["LIMIT", 1]]
  ↳ app/controllers/application_controller.rb:6:in `current_user'
  Rendered welcome/index.html.erb within layouts/application (Duration: 1.4ms | Allocations: 713)
[Webpacker] Everything's up-to-date. Nothing to do
  [1m[36mCACHE User Load (0.0ms)[0m  [1m[34mSELECT "users".* FROM "users" WHERE "users"."id" IS NULL LIMIT ?[0m  [["LIMIT", 1]]
  ↳ app/controllers/application_controller.rb:6:in `current_user'
Completed 200 OK in 16ms (Views: 15.4ms | ActiveRecord: 0.2ms | Allocations: 5310)


